<?xml version="1.0" encoding="UTF-8"?>
<!-- Generated by org.testng.reporters.JUnitXMLReporter -->
<testsuite hostname="DESKTOP-MF8IEU1" name="Default test" tests="1" failures="0" timestamp="20 Jul 2019 13:29:51 GMT" time="0.175" errors="0">
  <testcase name="@BeforeClass launchApp" time="0.0" classname="src.main.testcases.LaunchPage">
    <failure type="java.lang.IllegalStateException" message="The driver executable does not exist: C:\Users\join2\workspace\automationproject\LocoNavAutomationTest\Drivers\chromedriver.exe">
      <![CDATA[java.lang.IllegalStateException: The driver executable does not exist: C:\Users\join2\workspace\automationproject\LocoNavAutomationTest\Drivers\chromedriver.exe
	at com.google.common.base.Preconditions.checkState(Preconditions.java:585)
	at org.openqa.selenium.remote.service.DriverService.checkExecutable(DriverService.java:137)
	at org.openqa.selenium.remote.service.DriverService.findExecutable(DriverService.java:132)
	at org.openqa.selenium.chrome.ChromeDriverService.access$000(ChromeDriverService.java:35)
	at org.openqa.selenium.chrome.ChromeDriverService$Builder.findDefaultExecutable(ChromeDriverService.java:156)
	at org.openqa.selenium.remote.service.DriverService$Builder.build(DriverService.java:346)
	at org.openqa.selenium.chrome.ChromeDriverService.createDefaultService(ChromeDriverService.java:91)
	at org.openqa.selenium.chrome.ChromeDriver.<init>(ChromeDriver.java:123)
	at src.main.utility.BrowserFactory.startBrowser(BrowserFactory.java:18)
	at src.main.pages.BaseClass.launchApp(BaseClass.java:38)
	at sun.reflect.NativeMethodAccessorImpl.invoke0(Native Method)
	at sun.reflect.NativeMethodAccessorImpl.invoke(Unknown Source)
	at sun.reflect.DelegatingMethodAccessorImpl.invoke(Unknown Source)
	at java.lang.reflect.Method.invoke(Unknown Source)
	at org.testng.internal.MethodInvocationHelper.invokeMethod(MethodInvocationHelper.java:100)
	at org.testng.internal.Invoker.invokeConfigurationMethod(Invoker.java:515)
	at org.testng.internal.Invoker.invokeConfigurations(Invoker.java:216)
	at org.testng.internal.Invoker.invokeConfigurations(Invoker.java:143)
	at org.testng.internal.TestMethodWorker.invokeBeforeClassMethods(TestMethodWorker.java:169)
	at org.testng.internal.TestMethodWorker.run(TestMethodWorker.java:108)
	at org.testng.TestRunner.privateRun(TestRunner.java:746)
	at org.testng.TestRunner.run(TestRunner.java:600)
	at org.testng.SuiteRunner.runTest(SuiteRunner.java:366)
	at org.testng.SuiteRunner.runSequentially(SuiteRunner.java:361)
	at org.testng.SuiteRunner.privateRun(SuiteRunner.java:319)
	at org.testng.SuiteRunner.run(SuiteRunner.java:268)
	at org.testng.SuiteRunnerWorker.runSuite(SuiteRunnerWorker.java:52)
	at org.testng.SuiteRunnerWorker.run(SuiteRunnerWorker.java:86)
	at org.testng.TestNG.runSuitesSequentially(TestNG.java:1264)
	at org.testng.TestNG.runSuitesLocally(TestNG.java:1189)
	at org.testng.TestNG.runSuites(TestNG.java:1104)
	at org.testng.TestNG.run(TestNG.java:1076)
	at org.testng.remote.AbstractRemoteTestNG.run(AbstractRemoteTestNG.java:126)
	at org.testng.remote.RemoteTestNG.initAndRun(RemoteTestNG.java:152)
	at org.testng.remote.RemoteTestNG.main(RemoteTestNG.java:57)
]]>
    </failure>
  </testcase> <!-- @BeforeClass launchApp -->
  <testcase name="@AfterMethod tearDownMeth" time="0.0" classname="src.main.testcases.LaunchPage">
    <skipped/>
  </testcase> <!-- @AfterMethod tearDownMeth -->
  <testcase name="@AfterClass closeApp" time="0.0" classname="src.main.testcases.LaunchPage">
    <skipped/>
  </testcase> <!-- @AfterClass closeApp -->
  <testcase name="launchPage" time="0.001" classname="src.main.testcases.LaunchPage">
    <skipped/>
  </testcase> <!-- launchPage -->
</testsuite> <!-- Default test -->
