<?xml version="1.0" encoding="UTF-8"?>
<testng-results skipped="0" failed="1" total="1" passed="0">
  <reporter-output>
  </reporter-output>
  <suite name="Default suite" duration-ms="15653" started-at="2019-07-20T14:53:45Z" finished-at="2019-07-20T14:54:01Z">
    <groups>
    </groups>
    <test name="Default test" duration-ms="15653" started-at="2019-07-20T14:53:45Z" finished-at="2019-07-20T14:54:01Z">
      <class name="src.main.testcases.LaunchPage">
        <test-method status="PASS" signature="setUpSuite()[pri:0, instance:src.main.testcases.LaunchPage@59ec2012]" name="setUpSuite" is-config="true" duration-ms="403" started-at="2019-07-20T20:23:45Z" finished-at="2019-07-20T20:23:45Z">
          <reporter-output>
          </reporter-output>
        </test-method> <!-- setUpSuite -->
        <test-method status="PASS" signature="launchApp()[pri:0, instance:src.main.testcases.LaunchPage@59ec2012]" name="launchApp" is-config="true" duration-ms="10970" started-at="2019-07-20T20:23:45Z" finished-at="2019-07-20T20:23:56Z">
          <reporter-output>
          </reporter-output>
        </test-method> <!-- launchApp -->
        <test-method status="FAIL" signature="launchPage()[pri:0, instance:src.main.testcases.LaunchPage@59ec2012]" name="launchPage" duration-ms="3369" started-at="2019-07-20T20:23:56Z" finished-at="2019-07-20T20:24:00Z">
          <exception class="java.lang.NullPointerException">
            <full-stacktrace>
              <![CDATA[java.lang.NullPointerException
	at src.main.testcases.LaunchPage.launchPage(LaunchPage.java:24)
	at sun.reflect.NativeMethodAccessorImpl.invoke0(Native Method)
	at sun.reflect.NativeMethodAccessorImpl.invoke(Unknown Source)
	at sun.reflect.DelegatingMethodAccessorImpl.invoke(Unknown Source)
	at java.lang.reflect.Method.invoke(Unknown Source)
	at org.testng.internal.MethodInvocationHelper.invokeMethod(MethodInvocationHelper.java:100)
	at org.testng.internal.Invoker.invokeMethod(Invoker.java:646)
	at org.testng.internal.Invoker.invokeTestMethod(Invoker.java:811)
	at org.testng.internal.Invoker.invokeTestMethods(Invoker.java:1129)
	at org.testng.internal.TestMethodWorker.invokeTestMethods(TestMethodWorker.java:129)
	at org.testng.internal.TestMethodWorker.run(TestMethodWorker.java:112)
	at org.testng.TestRunner.privateRun(TestRunner.java:746)
	at org.testng.TestRunner.run(TestRunner.java:600)
	at org.testng.SuiteRunner.runTest(SuiteRunner.java:366)
	at org.testng.SuiteRunner.runSequentially(SuiteRunner.java:361)
	at org.testng.SuiteRunner.privateRun(SuiteRunner.java:319)
	at org.testng.SuiteRunner.run(SuiteRunner.java:268)
	at org.testng.SuiteRunnerWorker.runSuite(SuiteRunnerWorker.java:52)
	at org.testng.SuiteRunnerWorker.run(SuiteRunnerWorker.java:86)
	at org.testng.TestNG.runSuitesSequentially(TestNG.java:1264)
	at org.testng.TestNG.runSuitesLocally(TestNG.java:1189)
	at org.testng.TestNG.runSuites(TestNG.java:1104)
	at org.testng.TestNG.run(TestNG.java:1076)
	at org.testng.remote.AbstractRemoteTestNG.run(AbstractRemoteTestNG.java:126)
	at org.testng.remote.RemoteTestNG.initAndRun(RemoteTestNG.java:152)
	at org.testng.remote.RemoteTestNG.main(RemoteTestNG.java:57)
]]>
            </full-stacktrace>
          </exception> <!-- java.lang.NullPointerException -->
          <reporter-output>
          </reporter-output>
        </test-method> <!-- launchPage -->
        <test-method status="PASS" signature="tearDownMeth(org.testng.ITestResult)[pri:0, instance:src.main.testcases.LaunchPage@59ec2012]" name="tearDownMeth" is-config="true" duration-ms="7" started-at="2019-07-20T20:24:00Z" finished-at="2019-07-20T20:24:00Z">
          <params>
            <param index="0">
              <value>
                <![CDATA[[TestResult name=launchPage status=FAILURE method=LaunchPage.launchPage()[pri:0, instance:src.main.testcases.LaunchPage@59ec2012] output={null}]]]>
              </value>
            </param>
          </params>
          <reporter-output>
          </reporter-output>
        </test-method> <!-- tearDownMeth -->
        <test-method status="PASS" signature="closeApp()[pri:0, instance:src.main.testcases.LaunchPage@59ec2012]" name="closeApp" is-config="true" duration-ms="1268" started-at="2019-07-20T20:24:00Z" finished-at="2019-07-20T20:24:01Z">
          <reporter-output>
          </reporter-output>
        </test-method> <!-- closeApp -->
      </class> <!-- src.main.testcases.LaunchPage -->
    </test> <!-- Default test -->
  </suite> <!-- Default suite -->
</testng-results>
