<?xml version="1.0" encoding="UTF-8"?>
<testng-results skipped="0" failed="0" total="1" passed="1">
  <reporter-output>
  </reporter-output>
  <suite name="Default suite" duration-ms="19468" started-at="2019-07-22T08:08:18Z" finished-at="2019-07-22T08:08:38Z">
    <groups>
    </groups>
    <test name="Default test" duration-ms="19468" started-at="2019-07-22T08:08:18Z" finished-at="2019-07-22T08:08:38Z">
      <class name="src.main.testcases.LaunchPage">
        <test-method status="PASS" signature="setUpSuite()[pri:0, instance:src.main.testcases.LaunchPage@59ec2012]" name="setUpSuite" is-config="true" duration-ms="445" started-at="2019-07-22T13:38:18Z" finished-at="2019-07-22T13:38:18Z">
          <reporter-output>
          </reporter-output>
        </test-method> <!-- setUpSuite -->
        <test-method status="PASS" signature="launchApp()[pri:0, instance:src.main.testcases.LaunchPage@59ec2012]" name="launchApp" is-config="true" duration-ms="9815" started-at="2019-07-22T13:38:18Z" finished-at="2019-07-22T13:38:28Z">
          <reporter-output>
          </reporter-output>
        </test-method> <!-- launchApp -->
        <test-method status="PASS" signature="launchPage()[pri:0, instance:src.main.testcases.LaunchPage@59ec2012]" name="launchPage" duration-ms="7407" started-at="2019-07-22T13:38:28Z" finished-at="2019-07-22T13:38:35Z">
          <reporter-output>
          </reporter-output>
        </test-method> <!-- launchPage -->
        <test-method status="PASS" signature="tearDownMeth(org.testng.ITestResult)[pri:0, instance:src.main.testcases.LaunchPage@59ec2012]" name="tearDownMeth" is-config="true" duration-ms="960" started-at="2019-07-22T13:38:35Z" finished-at="2019-07-22T13:38:36Z">
          <params>
            <param index="0">
              <value>
                <![CDATA[[TestResult name=launchPage status=SUCCESS method=LaunchPage.launchPage()[pri:0, instance:src.main.testcases.LaunchPage@59ec2012] output={null}]]]>
              </value>
            </param>
          </params>
          <reporter-output>
          </reporter-output>
        </test-method> <!-- tearDownMeth -->
        <test-method status="PASS" signature="closeApp()[pri:0, instance:src.main.testcases.LaunchPage@59ec2012]" name="closeApp" is-config="true" duration-ms="1250" started-at="2019-07-22T13:38:36Z" finished-at="2019-07-22T13:38:38Z">
          <reporter-output>
          </reporter-output>
        </test-method> <!-- closeApp -->
      </class> <!-- src.main.testcases.LaunchPage -->
    </test> <!-- Default test -->
  </suite> <!-- Default suite -->
</testng-results>
