<?xml version="1.0" encoding="UTF-8"?>
<testng-results skipped="0" failed="0" total="1" passed="1">
  <reporter-output>
  </reporter-output>
  <suite name="Suite" duration-ms="24419" started-at="2019-07-22T08:17:42Z" finished-at="2019-07-22T08:18:06Z">
    <groups>
    </groups>
    <test name="Test" duration-ms="24419" started-at="2019-07-22T08:17:42Z" finished-at="2019-07-22T08:18:06Z">
      <class name="src.main.testcases.LaunchPage">
        <test-method status="PASS" signature="setUpSuite()[pri:0, instance:src.main.testcases.LaunchPage@589838eb]" name="setUpSuite" is-config="true" duration-ms="374" started-at="2019-07-22T13:47:41Z" finished-at="2019-07-22T13:47:42Z">
          <reporter-output>
          </reporter-output>
        </test-method> <!-- setUpSuite -->
        <test-method status="PASS" signature="launchApp()[pri:0, instance:src.main.testcases.LaunchPage@589838eb]" name="launchApp" is-config="true" duration-ms="11521" started-at="2019-07-22T13:47:42Z" finished-at="2019-07-22T13:47:53Z">
          <reporter-output>
          </reporter-output>
        </test-method> <!-- launchApp -->
        <test-method status="PASS" signature="launchPage()[pri:0, instance:src.main.testcases.LaunchPage@589838eb]" name="launchPage" duration-ms="10707" started-at="2019-07-22T13:47:53Z" finished-at="2019-07-22T13:48:04Z">
          <reporter-output>
          </reporter-output>
        </test-method> <!-- launchPage -->
        <test-method status="PASS" signature="tearDownMeth(org.testng.ITestResult)[pri:0, instance:src.main.testcases.LaunchPage@589838eb]" name="tearDownMeth" is-config="true" duration-ms="875" started-at="2019-07-22T13:48:04Z" finished-at="2019-07-22T13:48:05Z">
          <params>
            <param index="0">
              <value>
                <![CDATA[[TestResult name=launchPage status=SUCCESS method=LaunchPage.launchPage()[pri:0, instance:src.main.testcases.LaunchPage@589838eb] output={null}]]]>
              </value>
            </param>
          </params>
          <reporter-output>
          </reporter-output>
        </test-method> <!-- tearDownMeth -->
        <test-method status="PASS" signature="closeApp()[pri:0, instance:src.main.testcases.LaunchPage@589838eb]" name="closeApp" is-config="true" duration-ms="1268" started-at="2019-07-22T13:48:05Z" finished-at="2019-07-22T13:48:06Z">
          <reporter-output>
          </reporter-output>
        </test-method> <!-- closeApp -->
      </class> <!-- src.main.testcases.LaunchPage -->
    </test> <!-- Test -->
  </suite> <!-- Suite -->
</testng-results>
